<!DOCTYPE html PUBLIC "-//W3C//DTD XHTML 1.1//EN" "http://www.w3.org/TR/xhtml11/DTD/xhtml11.dtd">
<html xmlns="http://www.w3.org/1999/xhtml"><head><title>TestNG Report</title><style type="text/css">table {margin-bottom:10px;border-collapse:collapse;empty-cells:show}th,td {border:1px solid #009;padding:.25em .5em}th {vertical-align:bottom}td {vertical-align:top}table a {font-weight:bold}.stripe td {background-color: #E6EBF9}.num {text-align:right}.passedodd td {background-color: #3F3}.passedeven td {background-color: #0A0}.skippedodd td {background-color: #DDD}.skippedeven td {background-color: #CCC}.failedodd td,.attn {background-color: #F33}.failedeven td,.stripe .attn {background-color: #D00}.stacktrace {white-space:pre;font-family:monospace}.totop {font-size:85%;text-align:center;border-bottom:2px solid #000}</style></head><body><table><tr><th>Test</th><th># Passed</th><th># Skipped</th><th># Failed</th><th>Time (ms)</th><th>Included Groups</th><th>Excluded Groups</th></tr><tr><th colspan="7">RetailMeNotTestsSuite</th></tr><tr><td><a href="#t0">RetailMeNotTests+FF</a></td><td class="num">3</td><td class="num">0</td><td class="num attn">1</td><td class="num">41,061</td><td></td><td></td></tr></table><table><thead><tr><th>Class</th><th>Method</th><th>Start</th><th>Time (ms)</th></tr></thead><tbody><tr><th colspan="4">RetailMeNotTestsSuite</th></tr></tbody><tbody id="t0"><tr><th colspan="4">RetailMeNotTests+FF &#8212; failed</th></tr><tr class="failedeven"><td rowspan="1">com.retailmenot.tests.RetailMeNotTests</td><td><a href="#m0">verifyDealResults</a></td><td rowspan="1">1426517095533</td><td rowspan="1">8186</td></tr><tr><th colspan="4">RetailMeNotTests+FF &#8212; passed</th></tr><tr class="passedeven"><td rowspan="3">com.retailmenot.tests.RetailMeNotTests</td><td><a href="#m1">browseDeals</a></td><td rowspan="1">1426517087102</td><td rowspan="1">7663</td></tr><tr class="passedeven"><td><a href="#m2">verifyDealResults</a></td><td rowspan="2">1426517110092</td><td rowspan="2">6554</td></tr><tr class="passedeven"><td><a href="#m3">verifyDealResults</a></td></tr></tbody></table><h2>RetailMeNotTests+FF</h2><h3 id="m0">com.retailmenot.tests.RetailMeNotTests#verifyDealResults</h3><table class="result"><tr class="param"><th>Parameter #1</th></tr><tr class="param stripe"><td>Home &amp; Kitchen</td></tr><tr><th>Messages</th></tr><tr><td><div class="messages">The Count of Hot Product Deal Item  Home &amp; Kitchenis --&gt;17<br/>Number of times the Coupon at is displayed  Home &amp; Kitchen--&gt;0<br/>Number of times the Sale at is displayed  Home &amp; Kitchen--&gt;17</div></td></tr><tr><th>Exception</th></tr><tr><td><div class="stacktrace">org.openqa.selenium.NoSuchElementException: Unable to locate element: {&quot;method&quot;:&quot;xpath&quot;,&quot;selector&quot;:&quot;//section[@id=&apos;homekitchen&apos;]//span[contains(text(),&apos;Coupon&apos;)]/a&quot;}
Command duration or timeout: 2.17 seconds
For documentation on this error, please visit: http://seleniumhq.org/exceptions/no_such_element.html
Build info: version: &apos;2.45.0&apos;, revision: &apos;32a636c&apos;, time: &apos;2015-03-05 22:01:35&apos;
System info: host: &apos;Ananya&apos;, ip: &apos;192.168.0.112&apos;, os.name: &apos;Windows 8&apos;, os.arch: &apos;amd64&apos;, os.version: &apos;6.2&apos;, java.version: &apos;1.7.0_51&apos;
*** Element info: {Using=xpath, value=//section[@id=&apos;homekitchen&apos;]//span[contains(text(),&apos;Coupon&apos;)]/a}
Session ID: af3a8114-b00b-4337-a1d9-2aecb06764db
Driver info: org.openqa.selenium.firefox.FirefoxDriver
Capabilities [{platform=WINDOWS, acceptSslCerts=true, javascriptEnabled=true, cssSelectorsEnabled=true, databaseEnabled=true, browserName=firefox, handlesAlerts=true, nativeEvents=false, webStorageEnabled=true, rotatable=false, locationContextEnabled=true, applicationCacheEnabled=true, takesScreenshot=true, version=36.0.1}]
	at sun.reflect.NativeConstructorAccessorImpl.newInstance0(Native Method)
	at sun.reflect.NativeConstructorAccessorImpl.newInstance(Unknown Source)
	at sun.reflect.DelegatingConstructorAccessorImpl.newInstance(Unknown Source)
	at java.lang.reflect.Constructor.newInstance(Unknown Source)
	at org.openqa.selenium.remote.ErrorHandler.createThrowable(ErrorHandler.java:204)
	at org.openqa.selenium.remote.ErrorHandler.throwIfResponseFailed(ErrorHandler.java:156)
	at org.openqa.selenium.remote.RemoteWebDriver.execute(RemoteWebDriver.java:599)
	at org.openqa.selenium.remote.RemoteWebDriver.findElement(RemoteWebDriver.java:352)
	at org.openqa.selenium.remote.RemoteWebDriver.findElementByXPath(RemoteWebDriver.java:449)
	at org.openqa.selenium.By$ByXPath.findElement(By.java:357)
	at org.openqa.selenium.remote.RemoteWebDriver.findElement(RemoteWebDriver.java:344)
	at com.retailmenot.pages.HotProductDealsPage.seeOfferAndCode(HotProductDealsPage.java:138)
	at com.retailmenot.tests.RetailMeNotTests.verifyDealResults(RetailMeNotTests.java:91)
	at sun.reflect.NativeMethodAccessorImpl.invoke0(Native Method)
	at sun.reflect.NativeMethodAccessorImpl.invoke(Unknown Source)
	at sun.reflect.DelegatingMethodAccessorImpl.invoke(Unknown Source)
	at java.lang.reflect.Method.invoke(Unknown Source)
	at org.testng.internal.MethodInvocationHelper.invokeMethod(MethodInvocationHelper.java:84)
	at org.testng.internal.Invoker.invokeMethod(Invoker.java:714)
	at org.testng.internal.Invoker.invokeTestMethod(Invoker.java:901)
	at org.testng.internal.Invoker.invokeTestMethods(Invoker.java:1231)
	at org.testng.internal.TestMethodWorker.invokeTestMethods(TestMethodWorker.java:127)
	at org.testng.internal.TestMethodWorker.run(TestMethodWorker.java:111)
	at org.testng.TestRunner.privateRun(TestRunner.java:767)
	at org.testng.TestRunner.run(TestRunner.java:617)
	at org.testng.SuiteRunner.runTest(SuiteRunner.java:334)
	at org.testng.SuiteRunner.runSequentially(SuiteRunner.java:329)
	at org.testng.SuiteRunner.privateRun(SuiteRunner.java:291)
	at org.testng.SuiteRunner.run(SuiteRunner.java:240)
	at org.testng.SuiteRunnerWorker.runSuite(SuiteRunnerWorker.java:52)
	at org.testng.SuiteRunnerWorker.run(SuiteRunnerWorker.java:86)
	at org.testng.TestNG.runSuitesSequentially(TestNG.java:1224)
	at org.testng.TestNG.runSuitesLocally(TestNG.java:1149)
	at org.testng.TestNG.run(TestNG.java:1057)
	at org.testng.remote.RemoteTestNG.run(RemoteTestNG.java:111)
	at org.testng.remote.RemoteTestNG.initAndRun(RemoteTestNG.java:204)
	at org.testng.remote.RemoteTestNG.main(RemoteTestNG.java:175)
Caused by: org.openqa.selenium.NoSuchElementException: Unable to locate element: {&quot;method&quot;:&quot;xpath&quot;,&quot;selector&quot;:&quot;//section[@id=&apos;homekitchen&apos;]//span[contains(text(),&apos;Coupon&apos;)]/a&quot;}
For documentation on this error, please visit: http://seleniumhq.org/exceptions/no_such_element.html
Build info: version: &apos;2.45.0&apos;, revision: &apos;32a636c&apos;, time: &apos;2015-03-05 22:01:35&apos;
System info: host: &apos;Ananya&apos;, ip: &apos;192.168.0.112&apos;, os.name: &apos;Windows 8&apos;, os.arch: &apos;amd64&apos;, os.version: &apos;6.2&apos;, java.version: &apos;1.7.0_51&apos;
Driver info: driver.version: unknown
	at &lt;anonymous class&gt;.FirefoxDriver.prototype.findElementInternal_(file:///C:/Users/Ananya%27s/AppData/Local/Temp/anonymous29370903613068699webdriver-profile/extensions/fxdriver@googlecode.com/components/driver-component.js:10271)
	at &lt;anonymous class&gt;.fxdriver.Timer.prototype.setTimeout/&lt;.notify(file:///C:/Users/Ananya%27s/AppData/Local/Temp/anonymous29370903613068699webdriver-profile/extensions/fxdriver@googlecode.com/components/driver-component.js:603)
</div></td></tr></table><p class="totop"><a href="#summary">back to summary</a></p><h3 id="m1">com.retailmenot.tests.RetailMeNotTests#browseDeals</h3><table class="result"><tr class="param"><th>Parameter #1</th></tr><tr class="param stripe"><td>http://www.retailmenot.com/</td></tr></table><p class="totop"><a href="#summary">back to summary</a></p><h3 id="m2">com.retailmenot.tests.RetailMeNotTests#verifyDealResults</h3><table class="result"><tr class="param"><th>Parameter #1</th></tr><tr class="param stripe"><td>Accessories &amp; Shoes</td></tr><tr><th>Messages</th></tr><tr><td><div class="messages">The Count of Hot Product Deal Item  Accessories &amp; Shoesis --&gt;12<br/>Number of times the Coupon at is displayed  Accessories &amp; Shoes--&gt;1<br/>Number of times the Sale at is displayed  Accessories &amp; Shoes--&gt;11<br/>The couponDetais are as --&gt;$5 Off $50+<br/>The couponCode are as--&gt;LITBALL5</div></td></tr></table><p class="totop"><a href="#summary">back to summary</a></p><h3 id="m3">com.retailmenot.tests.RetailMeNotTests#verifyDealResults</h3><table class="result"><tr class="param"><th>Parameter #1</th></tr><tr class="param stripe"><td>Electronics Deals</td></tr><tr><th>Messages</th></tr><tr><td><div class="messages">The Count of Hot Product Deal Item  Electronics Dealsis --&gt;8<br/>Number of times the Coupon at is displayed  Electronics Deals--&gt;3<br/>Number of times the Sale at is displayed  Electronics Deals--&gt;5<br/>The couponDetais are as --&gt;$10 Off $50+ for New Customers<br/>The couponCode are as--&gt;RMN10OFF50</div></td></tr></table><p class="totop"><a href="#summary">back to summary</a></p></body></html>